2025-10-06 18:26:12,090 - INFO - 🚀 Scraper started.
2025-10-06 18:26:12,090 - INFO - Log file: logs/2025-10-06_18-26-12.log
2025-10-06 18:26:14,161 - INFO - Scraping window: 16 days ahead
2025-10-06 18:26:18,136 - INFO - 2025-10-06 18:26:14 | 16d before | Out:33.99 | In:26.00
2025-10-06 18:26:25,927 - INFO - 2025-10-06 18:26:14 | 15d before | Out:21.47 | In:22.99
2025-10-06 18:26:33,549 - INFO - 2025-10-06 18:26:14 | 14d before | Out:35.95 | In:14.99
2025-10-06 18:26:41,183 - INFO - 2025-10-06 18:26:14 | 13d before | Out:57.57 | In:14.99
2025-10-06 18:26:49,575 - INFO - 2025-10-06 18:26:14 | 12d before | Out:42.42 | In:15.82
2025-10-06 18:26:57,153 - INFO - 2025-10-06 18:26:14 | 11d before | Out:62.37 | In:55.23
2025-10-06 18:27:04,836 - INFO - 2025-10-06 18:26:14 | 10d before | Out:22.00 | In:62.37
2025-10-06 18:27:12,447 - INFO - 2025-10-06 18:26:14 | 9d before | Out:17.23 | In:14.99
2025-10-06 18:27:20,036 - INFO - 2025-10-06 18:26:14 | 8d before | Out:15.24 | In:14.99
2025-10-06 18:27:27,756 - INFO - 2025-10-06 18:26:14 | 7d before | Out:17.99 | In:14.99
2025-10-06 18:27:35,357 - INFO - 2025-10-06 18:26:14 | 6d before | Out:22.99 | In:14.99
2025-10-06 18:27:42,944 - INFO - 2025-10-06 18:26:14 | 5d before | Out:14.99 | In:18.66
2025-10-06 18:27:50,643 - INFO - 2025-10-06 18:26:14 | 4d before | Out:83.45 | In:100.99
2025-10-06 18:27:58,277 - INFO - 2025-10-06 18:26:14 | 3d before | Out:36.99 | In:138.99
2025-10-06 18:28:05,844 - INFO - 2025-10-06 18:26:14 | 2d before | Out:14.99 | In:35.99
2025-10-06 18:28:13,553 - INFO - 2025-10-06 18:26:14 | 1d before | Out:14.99 | In:60.41
2025-10-06 18:28:21,128 - INFO - 2025-10-06 18:26:14 | 0d before | Out:34.43 | In:N/A
2025-10-06 18:28:21,221 - INFO - ✅ Scraper finished successfully in 129.13 seconds.
