2025-09-24 18:23:13,919 - INFO - 🚀 Scraper started.
2025-09-24 18:23:13,919 - INFO - Log file: logs/2025-09-24_18-23-13.log
2025-09-24 18:23:37,256 - INFO - Scraping window: 28 days ahead
2025-09-24 18:23:42,919 - INFO - 2025-09-24 18:23:37 | 28d before | Out:25.93 | In:21.35
2025-09-24 18:23:50,696 - INFO - 2025-09-24 18:23:37 | 27d before | Out:14.99 | In:26.59
2025-09-24 18:23:58,337 - INFO - 2025-09-24 18:23:37 | 26d before | Out:29.95 | In:14.99
2025-09-24 18:24:06,082 - INFO - 2025-09-24 18:23:37 | 25d before | Out:50.90 | In:14.99
2025-09-24 18:24:13,726 - INFO - 2025-09-24 18:23:37 | 24d before | Out:20.35 | In:14.99
2025-09-24 18:24:21,323 - INFO - 2025-09-24 18:23:37 | 23d before | Out:50.99 | In:20.35
2025-09-24 18:24:28,928 - INFO - 2025-09-24 18:23:37 | 22d before | Out:17.00 | In:33.99
2025-09-24 18:24:36,525 - INFO - 2025-09-24 18:23:37 | 21d before | Out:14.99 | In:14.99
2025-09-24 18:24:44,098 - INFO - 2025-09-24 18:23:37 | 20d before | Out:14.99 | In:19.99
2025-09-24 18:24:51,800 - INFO - 2025-09-24 18:23:37 | 19d before | Out:16.99 | In:14.99
2025-09-24 18:24:59,395 - INFO - 2025-09-24 18:23:37 | 18d before | Out:19.99 | In:14.99
2025-09-24 18:25:06,958 - INFO - 2025-09-24 18:23:37 | 17d before | Out:14.99 | In:14.99
2025-09-24 18:25:14,499 - INFO - 2025-09-24 18:23:37 | 16d before | Out:39.43 | In:52.99
2025-09-24 18:25:22,069 - INFO - 2025-09-24 18:23:37 | 15d before | Out:24.31 | In:49.99
2025-09-24 18:25:29,677 - INFO - 2025-09-24 18:23:37 | 14d before | Out:15.47 | In:25.20
2025-09-24 18:25:37,297 - INFO - 2025-09-24 18:23:37 | 13d before | Out:15.24 | In:35.99
2025-09-24 18:25:44,911 - INFO - 2025-09-24 18:23:37 | 12d before | Out:14.99 | In:21.49
2025-09-24 18:25:52,568 - INFO - 2025-09-24 18:23:37 | 11d before | Out:32.09 | In:14.99
2025-09-24 18:26:00,179 - INFO - 2025-09-24 18:23:37 | 10d before | Out:14.99 | In:16.07
2025-09-24 18:26:07,733 - INFO - 2025-09-24 18:23:37 | 9d before | Out:42.99 | In:46.99
2025-09-24 18:26:15,438 - INFO - 2025-09-24 18:23:37 | 8d before | Out:36.99 | In:73.99
2025-09-24 18:26:23,042 - INFO - 2025-09-24 18:23:37 | 7d before | Out:14.99 | In:21.99
2025-09-24 18:26:30,605 - INFO - 2025-09-24 18:23:37 | 6d before | Out:16.09 | In:23.82
2025-09-24 18:26:38,205 - INFO - 2025-09-24 18:23:37 | 5d before | Out:18.29 | In:25.99
2025-09-24 18:26:45,759 - INFO - 2025-09-24 18:23:37 | 4d before | Out:35.99 | In:20.99
2025-09-24 18:26:53,340 - INFO - 2025-09-24 18:23:37 | 3d before | Out:15.96 | In:74.16
2025-09-24 18:27:00,945 - INFO - 2025-09-24 18:23:37 | 2d before | Out:74.99 | In:108.33
2025-09-24 18:27:08,525 - INFO - 2025-09-24 18:23:37 | 1d before | Out:106.75 | In:120.91
2025-09-24 18:27:16,167 - INFO - 2025-09-24 18:23:37 | 0d before | Out:53.99 | In:N/A
2025-09-24 18:27:16,265 - INFO - ✅ Scraper finished successfully in 242.35 seconds.
