2025-09-23 10:48:55,089 - INFO - 🚀 Scraper started.
2025-09-23 10:48:55,089 - INFO - Log file: logs/2025-09-23_10-48-55.log
2025-09-23 10:49:05,155 - INFO - Scraping window: 29 days ahead
2025-09-23 10:49:09,749 - INFO - 2025-09-23 10:49:05 | 29d before | Out:14.99 | In:20.47
2025-09-23 10:49:17,624 - INFO - 2025-09-23 10:49:05 | 28d before | Out:14.99 | In:28.68
2025-09-23 10:49:25,294 - INFO - 2025-09-23 10:49:05 | 27d before | Out:34.51 | In:14.99
2025-09-23 10:49:32,882 - INFO - 2025-09-23 10:49:05 | 26d before | Out:40.73 | In:14.99
2025-09-23 10:49:40,552 - INFO - 2025-09-23 10:49:05 | 25d before | Out:21.23 | In:14.99
2025-09-23 10:49:48,167 - INFO - 2025-09-23 10:49:05 | 24d before | Out:42.99 | In:26.59
2025-09-23 10:49:55,758 - INFO - 2025-09-23 10:49:05 | 23d before | Out:14.99 | In:28.99
2025-09-23 10:50:03,399 - INFO - 2025-09-23 10:49:05 | 22d before | Out:14.99 | In:14.99
2025-09-23 10:50:11,029 - INFO - 2025-09-23 10:49:05 | 21d before | Out:14.99 | In:16.99
2025-09-23 10:50:18,775 - INFO - 2025-09-23 10:49:05 | 20d before | Out:14.99 | In:14.99
2025-09-23 10:50:26,364 - INFO - 2025-09-23 10:49:05 | 19d before | Out:16.00 | In:14.99
2025-09-23 10:50:33,941 - INFO - 2025-09-23 10:49:05 | 18d before | Out:14.99 | In:15.00
2025-09-23 10:50:41,596 - INFO - 2025-09-23 10:49:05 | 17d before | Out:39.43 | In:41.09
2025-09-23 10:50:49,293 - INFO - 2025-09-23 10:49:05 | 16d before | Out:14.99 | In:49.99
2025-09-23 10:50:56,935 - INFO - 2025-09-23 10:49:05 | 15d before | Out:14.99 | In:25.20
2025-09-23 10:51:04,542 - INFO - 2025-09-23 10:49:05 | 14d before | Out:14.99 | In:28.99
2025-09-23 10:51:12,246 - INFO - 2025-09-23 10:49:05 | 13d before | Out:15.00 | In:14.99
2025-09-23 10:51:19,903 - INFO - 2025-09-23 10:49:05 | 12d before | Out:23.11 | In:14.99
2025-09-23 10:51:27,475 - INFO - 2025-09-23 10:49:05 | 11d before | Out:14.99 | In:14.99
2025-09-23 10:51:35,057 - INFO - 2025-09-23 10:49:05 | 10d before | Out:42.99 | In:46.99
2025-09-23 10:51:42,635 - INFO - 2025-09-23 10:49:05 | 9d before | Out:36.99 | In:50.99
2025-09-23 10:51:50,260 - INFO - 2025-09-23 10:49:05 | 8d before | Out:15.00 | In:15.60
2025-09-23 10:51:57,844 - INFO - 2025-09-23 10:49:05 | 7d before | Out:15.53 | In:24.76
2025-09-23 10:52:05,425 - INFO - 2025-09-23 10:49:05 | 6d before | Out:14.99 | In:17.00
2025-09-23 10:52:13,027 - INFO - 2025-09-23 10:49:05 | 5d before | Out:35.99 | In:16.68
2025-09-23 10:52:20,599 - INFO - 2025-09-23 10:49:05 | 4d before | Out:15.57 | In:70.23
2025-09-23 10:52:28,207 - INFO - 2025-09-23 10:49:05 | 3d before | Out:74.99 | In:95.99
2025-09-23 10:52:35,807 - INFO - 2025-09-23 10:49:05 | 2d before | Out:36.99 | In:133.47
2025-09-23 10:52:43,375 - INFO - 2025-09-23 10:49:05 | 1d before | Out:18.89 | In:42.99
2025-09-23 10:52:50,955 - INFO - 2025-09-23 10:49:05 | 0d before | Out:99.99 | In:45.99
2025-09-23 10:52:51,052 - INFO - ✅ Scraper finished successfully in 235.96 seconds.
