2025-10-03 18:23:57,419 - INFO - 🚀 Scraper started.
2025-10-03 18:23:57,419 - INFO - Log file: logs/2025-10-03_18-23-57.log
2025-10-03 18:24:16,762 - INFO - Scraping window: 19 days ahead
2025-10-03 18:24:23,169 - INFO - 2025-10-03 18:24:16 | 19d before | Out:24.31 | In:25.99
2025-10-03 18:24:31,108 - INFO - 2025-10-03 18:24:16 | 18d before | Out:16.21 | In:23.99
2025-10-03 18:24:38,687 - INFO - 2025-10-03 18:24:16 | 17d before | Out:30.99 | In:15.61
2025-10-03 18:24:46,261 - INFO - 2025-10-03 18:24:16 | 16d before | Out:58.43 | In:15.21
2025-10-03 18:24:53,829 - INFO - 2025-10-03 18:24:16 | 15d before | Out:38.69 | In:15.19
2025-10-03 18:25:01,397 - INFO - 2025-10-03 18:24:16 | 14d before | Out:63.99 | In:57.99
2025-10-03 18:25:08,987 - INFO - 2025-10-03 18:24:16 | 13d before | Out:32.99 | In:67.99
2025-10-03 18:25:16,552 - INFO - 2025-10-03 18:24:16 | 12d before | Out:19.39 | In:16.99
2025-10-03 18:25:24,166 - INFO - 2025-10-03 18:24:16 | 11d before | Out:15.19 | In:17.99
2025-10-03 18:25:31,799 - INFO - 2025-10-03 18:24:16 | 10d before | Out:20.99 | In:15.39
2025-10-03 18:25:39,388 - INFO - 2025-10-03 18:24:16 | 9d before | Out:15.99 | In:15.00
2025-10-03 18:25:46,972 - INFO - 2025-10-03 18:24:16 | 8d before | Out:16.23 | In:16.40
2025-10-03 18:25:54,575 - INFO - 2025-10-03 18:24:16 | 7d before | Out:34.43 | In:76.99
2025-10-03 18:26:02,159 - INFO - 2025-10-03 18:24:16 | 6d before | Out:36.99 | In:95.99
2025-10-03 18:26:09,731 - INFO - 2025-10-03 18:24:16 | 5d before | Out:16.99 | In:26.99
2025-10-03 18:26:17,357 - INFO - 2025-10-03 18:24:16 | 4d before | Out:15.19 | In:45.66
2025-10-03 18:26:24,984 - INFO - 2025-10-03 18:24:16 | 3d before | Out:27.99 | In:25.99
2025-10-03 18:26:32,556 - INFO - 2025-10-03 18:24:16 | 2d before | Out:46.46 | In:19.04
2025-10-03 18:26:40,168 - INFO - 2025-10-03 18:24:16 | 1d before | Out:17.74 | In:24.98
2025-10-03 18:26:47,739 - INFO - 2025-10-03 18:24:16 | 0d before | Out:398.05 | In:133.72
2025-10-03 18:26:47,832 - INFO - ✅ Scraper finished successfully in 170.41 seconds.
