2025-10-03 10:11:57,196 - INFO - 🚀 Scraper started.
2025-10-03 10:11:57,196 - INFO - Log file: logs/2025-10-03_10-11-57.log
2025-10-03 10:12:08,905 - INFO - Scraping window: 19 days ahead
2025-10-03 10:12:16,839 - INFO - 2025-10-03 10:12:08 | 19d before | Out:19.87 | In:25.99
2025-10-03 10:12:24,916 - INFO - 2025-10-03 10:12:08 | 18d before | Out:14.99 | In:23.99
2025-10-03 10:12:32,863 - INFO - 2025-10-03 10:12:08 | 17d before | Out:30.99 | In:14.99
2025-10-03 10:12:40,809 - INFO - 2025-10-03 10:12:08 | 16d before | Out:58.43 | In:14.99
2025-10-03 10:12:48,996 - INFO - 2025-10-03 10:12:08 | 15d before | Out:38.69 | In:14.99
2025-10-03 10:12:56,965 - INFO - 2025-10-03 10:12:08 | 14d before | Out:63.99 | In:45.99
2025-10-03 10:13:04,861 - INFO - 2025-10-03 10:12:08 | 13d before | Out:27.96 | In:67.99
2025-10-03 10:13:12,879 - INFO - 2025-10-03 10:12:08 | 12d before | Out:17.19 | In:15.32
2025-10-03 10:13:20,841 - INFO - 2025-10-03 10:12:08 | 11d before | Out:14.99 | In:16.99
2025-10-03 10:13:28,542 - INFO - 2025-10-03 10:12:08 | 10d before | Out:24.99 | In:14.99
2025-10-03 10:13:36,229 - INFO - 2025-10-03 10:12:08 | 9d before | Out:17.99 | In:14.99
2025-10-03 10:13:43,932 - INFO - 2025-10-03 10:12:08 | 8d before | Out:14.99 | In:16.40
2025-10-03 10:13:51,564 - INFO - 2025-10-03 10:12:08 | 7d before | Out:34.43 | In:75.99
2025-10-03 10:13:59,202 - INFO - 2025-10-03 10:12:08 | 6d before | Out:25.63 | In:100.99
2025-10-03 10:14:06,850 - INFO - 2025-10-03 10:12:08 | 5d before | Out:15.66 | In:26.99
2025-10-03 10:14:14,556 - INFO - 2025-10-03 10:12:08 | 4d before | Out:14.99 | In:45.66
2025-10-03 10:14:22,201 - INFO - 2025-10-03 10:12:08 | 3d before | Out:19.99 | In:24.05
2025-10-03 10:14:29,896 - INFO - 2025-10-03 10:12:08 | 2d before | Out:46.46 | In:15.57
2025-10-03 10:14:37,716 - INFO - 2025-10-03 10:12:08 | 1d before | Out:15.91 | In:24.98
2025-10-03 10:14:45,356 - INFO - 2025-10-03 10:12:08 | 0d before | Out:127.21 | In:137.20
2025-10-03 10:14:45,452 - INFO - ✅ Scraper finished successfully in 168.26 seconds.
