2025-09-30 10:12:24,027 - INFO - 🚀 Scraper started.
2025-09-30 10:12:24,027 - INFO - Log file: logs/2025-09-30_10-12-24.log
2025-09-30 10:12:36,289 - INFO - Scraping window: 22 days ahead
2025-09-30 10:12:41,195 - INFO - 2025-09-30 10:12:36 | 22d before | Out:14.99 | In:25.19
2025-09-30 10:12:49,033 - INFO - 2025-09-30 10:12:36 | 21d before | Out:15.99 | In:21.99
2025-09-30 10:12:56,692 - INFO - 2025-09-30 10:12:36 | 20d before | Out:26.99 | In:14.99
2025-09-30 10:13:04,975 - INFO - 2025-09-30 10:12:36 | 19d before | Out:58.08 | In:14.99
2025-09-30 10:13:12,603 - INFO - 2025-09-30 10:12:36 | 18d before | Out:14.99 | In:14.99
2025-09-30 10:13:20,263 - INFO - 2025-09-30 10:12:36 | 17d before | Out:51.99 | In:23.99
2025-09-30 10:13:27,912 - INFO - 2025-09-30 10:12:36 | 16d before | Out:22.99 | In:64.83
2025-09-30 10:13:35,606 - INFO - 2025-09-30 10:12:36 | 15d before | Out:14.99 | In:15.25
2025-09-30 10:13:43,365 - INFO - 2025-09-30 10:12:36 | 14d before | Out:14.99 | In:17.99
2025-09-30 10:13:51,132 - INFO - 2025-09-30 10:12:36 | 13d before | Out:15.00 | In:15.21
2025-09-30 10:13:58,815 - INFO - 2025-09-30 10:12:36 | 12d before | Out:23.99 | In:14.99
2025-09-30 10:14:07,068 - INFO - 2025-09-30 10:12:36 | 11d before | Out:14.99 | In:14.99
2025-09-30 10:14:14,798 - INFO - 2025-09-30 10:12:36 | 10d before | Out:44.33 | In:48.93
2025-09-30 10:14:22,456 - INFO - 2025-09-30 10:12:36 | 9d before | Out:14.99 | In:67.99
2025-09-30 10:14:30,195 - INFO - 2025-09-30 10:12:36 | 8d before | Out:14.99 | In:14.99
2025-09-30 10:14:37,869 - INFO - 2025-09-30 10:12:36 | 7d before | Out:14.99 | In:32.73
2025-09-30 10:14:45,595 - INFO - 2025-09-30 10:12:36 | 6d before | Out:14.99 | In:14.99
2025-09-30 10:14:53,257 - INFO - 2025-09-30 10:12:36 | 5d before | Out:64.83 | In:14.99
2025-09-30 10:15:00,861 - INFO - 2025-09-30 10:12:36 | 4d before | Out:14.99 | In:25.98
2025-09-30 10:15:09,606 - INFO - 2025-09-30 10:12:36 | 3d before | Out:51.99 | In:70.99
2025-09-30 10:15:17,257 - INFO - 2025-09-30 10:12:36 | 2d before | Out:35.99 | In:100.32
2025-09-30 10:15:24,889 - INFO - 2025-09-30 10:12:36 | 1d before | Out:34.99 | In:25.99
2025-09-30 10:15:32,589 - INFO - 2025-09-30 10:12:36 | 0d before | Out:99.99 | In:61.99
2025-09-30 10:15:32,683 - INFO - ✅ Scraper finished successfully in 188.66 seconds.
