2025-10-05 18:21:50,338 - INFO - 🚀 Scraper started.
2025-10-05 18:21:50,338 - INFO - Log file: logs/2025-10-05_18-21-50.log
2025-10-05 18:22:00,669 - INFO - Scraping window: 17 days ahead
2025-10-05 18:22:05,328 - INFO - 2025-10-05 18:22:00 | 17d before | Out:14.99 | In:29.57
2025-10-05 18:22:13,202 - INFO - 2025-10-05 18:22:00 | 16d before | Out:22.17 | In:24.00
2025-10-05 18:22:20,864 - INFO - 2025-10-05 18:22:00 | 15d before | Out:37.99 | In:14.99
2025-10-05 18:22:28,509 - INFO - 2025-10-05 18:22:00 | 14d before | Out:77.27 | In:14.99
2025-10-05 18:22:36,184 - INFO - 2025-10-05 18:22:00 | 13d before | Out:24.98 | In:14.99
2025-10-05 18:22:43,815 - INFO - 2025-10-05 18:22:00 | 12d before | Out:73.99 | In:61.99
2025-10-05 18:22:51,432 - INFO - 2025-10-05 18:22:00 | 11d before | Out:24.99 | In:74.99
2025-10-05 18:22:59,173 - INFO - 2025-10-05 18:22:00 | 10d before | Out:14.99 | In:14.99
2025-10-05 18:23:06,930 - INFO - 2025-10-05 18:22:00 | 9d before | Out:14.99 | In:18.99
2025-10-05 18:23:14,815 - INFO - 2025-10-05 18:22:00 | 8d before | Out:15.00 | In:14.99
2025-10-05 18:23:22,493 - INFO - 2025-10-05 18:22:00 | 7d before | Out:20.99 | In:14.99
2025-10-05 18:23:30,158 - INFO - 2025-10-05 18:22:00 | 6d before | Out:16.21 | In:16.37
2025-10-05 18:23:37,856 - INFO - 2025-10-05 18:22:00 | 5d before | Out:72.17 | In:100.09
2025-10-05 18:23:45,514 - INFO - 2025-10-05 18:22:00 | 4d before | Out:36.99 | In:100.99
2025-10-05 18:23:53,154 - INFO - 2025-10-05 18:22:00 | 3d before | Out:14.99 | In:26.99
2025-10-05 18:24:00,742 - INFO - 2025-10-05 18:22:00 | 2d before | Out:14.99 | In:44.21
2025-10-05 18:24:08,365 - INFO - 2025-10-05 18:22:00 | 1d before | Out:65.37 | In:25.99
2025-10-05 18:24:15,997 - INFO - 2025-10-05 18:22:00 | 0d before | Out:17.74 | In:N/A
2025-10-05 18:24:16,094 - INFO - ✅ Scraper finished successfully in 145.76 seconds.
