2025-10-07 18:25:59,040 - INFO - 🚀 Scraper started.
2025-10-07 18:25:59,040 - INFO - Log file: logs/2025-10-07_18-25-59.log
2025-10-07 18:26:09,546 - INFO - Scraping window: 15 days ahead
2025-10-07 18:26:14,156 - INFO - 2025-10-07 18:26:09 | 15d before | Out:26.29 | In:20.35
2025-10-07 18:26:21,943 - INFO - 2025-10-07 18:26:09 | 14d before | Out:14.99 | In:21.99
2025-10-07 18:26:29,606 - INFO - 2025-10-07 18:26:09 | 13d before | Out:35.27 | In:14.99
2025-10-07 18:26:37,237 - INFO - 2025-10-07 18:26:09 | 12d before | Out:42.42 | In:16.11
2025-10-07 18:26:44,861 - INFO - 2025-10-07 18:26:09 | 11d before | Out:33.03 | In:14.99
2025-10-07 18:26:52,490 - INFO - 2025-10-07 18:26:09 | 10d before | Out:65.99 | In:44.52
2025-10-07 18:27:00,112 - INFO - 2025-10-07 18:26:09 | 9d before | Out:14.99 | In:54.99
2025-10-07 18:27:07,724 - INFO - 2025-10-07 18:26:09 | 8d before | Out:14.99 | In:14.99
2025-10-07 18:27:15,336 - INFO - 2025-10-07 18:26:09 | 7d before | Out:15.22 | In:20.00
2025-10-07 18:27:22,960 - INFO - 2025-10-07 18:26:09 | 6d before | Out:58.99 | In:15.92
2025-10-07 18:27:30,573 - INFO - 2025-10-07 18:26:09 | 5d before | Out:59.99 | In:14.99
2025-10-07 18:27:38,203 - INFO - 2025-10-07 18:26:09 | 4d before | Out:18.13 | In:18.05
2025-10-07 18:27:45,875 - INFO - 2025-10-07 18:26:09 | 3d before | Out:81.42 | In:102.99
2025-10-07 18:27:53,474 - INFO - 2025-10-07 18:26:09 | 2d before | Out:33.99 | In:138.27
2025-10-07 18:28:01,090 - INFO - 2025-10-07 18:26:09 | 1d before | Out:18.87 | In:33.99
2025-10-07 18:28:08,713 - INFO - 2025-10-07 18:26:09 | 0d before | Out:90.69 | In:73.13
2025-10-07 18:28:08,789 - INFO - ✅ Scraper finished successfully in 129.75 seconds.
