2025-10-01 18:24:37,564 - INFO - 🚀 Scraper started.
2025-10-01 18:24:37,564 - INFO - Log file: logs/2025-10-01_18-24-37.log
2025-10-01 18:24:45,742 - INFO - Scraping window: 21 days ahead
2025-10-01 18:24:51,003 - INFO - 2025-10-01 18:24:45 | 21d before | Out:31.51 | In:26.88
2025-10-01 18:24:59,575 - INFO - 2025-10-01 18:24:45 | 20d before | Out:14.99 | In:23.99
2025-10-01 18:25:07,186 - INFO - 2025-10-01 18:24:45 | 19d before | Out:30.99 | In:14.99
2025-10-01 18:25:14,828 - INFO - 2025-10-01 18:24:45 | 18d before | Out:70.60 | In:14.99
2025-10-01 18:25:22,496 - INFO - 2025-10-01 18:24:45 | 17d before | Out:31.35 | In:15.19
2025-10-01 18:25:30,123 - INFO - 2025-10-01 18:24:45 | 16d before | Out:51.99 | In:23.99
2025-10-01 18:25:37,740 - INFO - 2025-10-01 18:24:45 | 15d before | Out:27.96 | In:68.67
2025-10-01 18:25:45,496 - INFO - 2025-10-01 18:24:45 | 14d before | Out:26.29 | In:14.99
2025-10-01 18:25:53,145 - INFO - 2025-10-01 18:24:45 | 13d before | Out:15.18 | In:18.00
2025-10-01 18:26:01,664 - INFO - 2025-10-01 18:24:45 | 12d before | Out:20.99 | In:14.99
2025-10-01 18:26:09,267 - INFO - 2025-10-01 18:24:45 | 11d before | Out:29.99 | In:15.24
2025-10-01 18:26:16,892 - INFO - 2025-10-01 18:24:45 | 10d before | Out:15.42 | In:15.26
2025-10-01 18:26:24,582 - INFO - 2025-10-01 18:24:45 | 9d before | Out:31.35 | In:72.99
2025-10-01 18:26:32,201 - INFO - 2025-10-01 18:24:45 | 8d before | Out:27.96 | In:113.99
2025-10-01 18:26:39,785 - INFO - 2025-10-01 18:24:45 | 7d before | Out:15.75 | In:21.99
2025-10-01 18:26:47,452 - INFO - 2025-10-01 18:24:45 | 6d before | Out:14.99 | In:49.99
2025-10-01 18:26:55,114 - INFO - 2025-10-01 18:24:45 | 5d before | Out:22.99 | In:25.99
2025-10-01 18:27:03,671 - INFO - 2025-10-01 18:24:45 | 4d before | Out:46.46 | In:15.41
2025-10-01 18:27:11,335 - INFO - 2025-10-01 18:24:45 | 3d before | Out:16.66 | In:25.98
2025-10-01 18:27:19,000 - INFO - 2025-10-01 18:24:45 | 2d before | Out:103.35 | In:86.99
2025-10-01 18:27:26,711 - INFO - 2025-10-01 18:24:45 | 1d before | Out:74.94 | In:117.35
2025-10-01 18:27:34,331 - INFO - 2025-10-01 18:24:45 | 0d before | Out:106.99 | In:36.32
2025-10-01 18:27:34,409 - INFO - ✅ Scraper finished successfully in 176.85 seconds.
