2025-09-25 18:25:27,780 - INFO - 🚀 Scraper started.
2025-09-25 18:25:27,780 - INFO - Log file: logs/2025-09-25_18-25-27.log
2025-09-25 18:25:28,735 - INFO - Scraping window: 27 days ahead
2025-09-25 18:25:33,368 - INFO - 2025-09-25 18:25:28 | 27d before | Out:20.29 | In:14.99
2025-09-25 18:25:41,222 - INFO - 2025-09-25 18:25:28 | 26d before | Out:14.99 | In:14.99
2025-09-25 18:25:48,866 - INFO - 2025-09-25 18:25:28 | 25d before | Out:25.39 | In:15.20
2025-09-25 18:25:56,508 - INFO - 2025-09-25 18:25:28 | 24d before | Out:45.99 | In:15.20
2025-09-25 18:26:04,211 - INFO - 2025-09-25 18:25:28 | 23d before | Out:14.99 | In:14.99
2025-09-25 18:26:11,837 - INFO - 2025-09-25 18:25:28 | 22d before | Out:52.99 | In:14.99
2025-09-25 18:26:19,522 - INFO - 2025-09-25 18:25:28 | 21d before | Out:18.66 | In:37.99
2025-09-25 18:26:27,169 - INFO - 2025-09-25 18:25:28 | 20d before | Out:18.60 | In:14.99
2025-09-25 18:26:34,787 - INFO - 2025-09-25 18:25:28 | 19d before | Out:15.57 | In:19.39
2025-09-25 18:26:42,587 - INFO - 2025-09-25 18:25:28 | 18d before | Out:17.00 | In:14.99
2025-09-25 18:26:50,225 - INFO - 2025-09-25 18:25:28 | 17d before | Out:17.99 | In:15.38
2025-09-25 18:26:57,859 - INFO - 2025-09-25 18:25:28 | 16d before | Out:15.58 | In:15.00
2025-09-25 18:27:05,558 - INFO - 2025-09-25 18:25:28 | 15d before | Out:25.19 | In:51.89
2025-09-25 18:27:13,167 - INFO - 2025-09-25 18:25:28 | 14d before | Out:18.59 | In:49.99
2025-09-25 18:27:20,851 - INFO - 2025-09-25 18:25:28 | 13d before | Out:14.99 | In:14.99
2025-09-25 18:27:28,505 - INFO - 2025-09-25 18:25:28 | 12d before | Out:15.58 | In:28.19
2025-09-25 18:27:36,119 - INFO - 2025-09-25 18:25:28 | 11d before | Out:17.74 | In:14.99
2025-09-25 18:27:43,841 - INFO - 2025-09-25 18:25:28 | 10d before | Out:14.99 | In:15.28
2025-09-25 18:27:51,436 - INFO - 2025-09-25 18:25:28 | 9d before | Out:15.51 | In:22.99
2025-09-25 18:27:59,098 - INFO - 2025-09-25 18:25:28 | 8d before | Out:42.99 | In:46.99
2025-09-25 18:28:06,743 - INFO - 2025-09-25 18:25:28 | 7d before | Out:32.99 | In:76.99
2025-09-25 18:28:14,359 - INFO - 2025-09-25 18:25:28 | 6d before | Out:17.03 | In:18.66
2025-09-25 18:28:21,991 - INFO - 2025-09-25 18:25:28 | 5d before | Out:15.86 | In:40.99
2025-09-25 18:28:29,636 - INFO - 2025-09-25 18:25:28 | 4d before | Out:22.32 | In:25.99
2025-09-25 18:28:37,381 - INFO - 2025-09-25 18:25:28 | 3d before | Out:35.99 | In:25.69
2025-09-25 18:28:45,035 - INFO - 2025-09-25 18:25:28 | 2d before | Out:15.66 | In:64.99
2025-09-25 18:28:52,639 - INFO - 2025-09-25 18:25:28 | 1d before | Out:131.99 | In:119.13
2025-09-25 18:29:00,263 - INFO - 2025-09-25 18:25:28 | 0d before | Out:228.99 | In:N/A
2025-09-25 18:29:00,357 - INFO - ✅ Scraper finished successfully in 212.58 seconds.
