2025-09-28 18:21:33,418 - INFO - 🚀 Scraper started.
2025-09-28 18:21:33,419 - INFO - Log file: logs/2025-09-28_18-21-33.log
2025-09-28 18:21:42,063 - INFO - Scraping window: 24 days ahead
2025-09-28 18:21:47,528 - INFO - 2025-09-28 18:21:42 | 24d before | Out:14.99 | In:14.99
2025-09-28 18:21:55,287 - INFO - 2025-09-28 18:21:42 | 23d before | Out:14.99 | In:14.99
2025-09-28 18:22:03,382 - INFO - 2025-09-28 18:21:42 | 22d before | Out:14.99 | In:14.99
2025-09-28 18:22:11,029 - INFO - 2025-09-28 18:21:42 | 21d before | Out:51.87 | In:14.99
2025-09-28 18:22:18,648 - INFO - 2025-09-28 18:21:42 | 20d before | Out:23.65 | In:14.99
2025-09-28 18:22:26,235 - INFO - 2025-09-28 18:21:42 | 19d before | Out:14.99 | In:14.99
2025-09-28 18:22:33,815 - INFO - 2025-09-28 18:21:42 | 18d before | Out:14.99 | In:56.99
2025-09-28 18:22:41,407 - INFO - 2025-09-28 18:21:42 | 17d before | Out:16.43 | In:14.99
2025-09-28 18:22:49,008 - INFO - 2025-09-28 18:21:42 | 16d before | Out:14.99 | In:14.99
2025-09-28 18:22:56,648 - INFO - 2025-09-28 18:21:42 | 15d before | Out:14.99 | In:14.99
2025-09-28 18:23:04,707 - INFO - 2025-09-28 18:21:42 | 14d before | Out:17.99 | In:14.99
2025-09-28 18:23:12,285 - INFO - 2025-09-28 18:21:42 | 13d before | Out:14.99 | In:15.53
2025-09-28 18:23:19,863 - INFO - 2025-09-28 18:21:42 | 12d before | Out:14.99 | In:61.99
2025-09-28 18:23:27,429 - INFO - 2025-09-28 18:21:42 | 11d before | Out:14.99 | In:14.99
2025-09-28 18:23:34,991 - INFO - 2025-09-28 18:21:42 | 10d before | Out:14.99 | In:14.99
2025-09-28 18:23:42,562 - INFO - 2025-09-28 18:21:42 | 9d before | Out:15.13 | In:24.31
2025-09-28 18:23:50,131 - INFO - 2025-09-28 18:21:42 | 8d before | Out:14.99 | In:14.99
2025-09-28 18:23:57,699 - INFO - 2025-09-28 18:21:42 | 7d before | Out:47.34 | In:14.99
2025-09-28 18:24:05,256 - INFO - 2025-09-28 18:21:42 | 6d before | Out:14.99 | In:14.99
2025-09-28 18:24:12,820 - INFO - 2025-09-28 18:21:42 | 5d before | Out:14.99 | In:14.99
2025-09-28 18:24:20,491 - INFO - 2025-09-28 18:21:42 | 4d before | Out:14.99 | In:86.99
2025-09-28 18:24:28,058 - INFO - 2025-09-28 18:21:42 | 3d before | Out:21.41 | In:14.99
2025-09-28 18:24:35,663 - INFO - 2025-09-28 18:21:42 | 2d before | Out:19.64 | In:52.99
2025-09-28 18:24:43,236 - INFO - 2025-09-28 18:21:42 | 1d before | Out:56.99 | In:14.99
2025-09-28 18:24:50,783 - INFO - 2025-09-28 18:21:42 | 0d before | Out:14.99 | In:N/A
2025-09-28 18:24:50,876 - INFO - ✅ Scraper finished successfully in 197.46 seconds.
