2025-09-26 18:22:51,100 - INFO - 🚀 Scraper started.
2025-09-26 18:22:51,101 - INFO - Log file: logs/2025-09-26_18-22-51.log
2025-09-26 18:22:59,108 - INFO - Scraping window: 26 days ahead
2025-09-26 18:23:04,731 - INFO - 2025-09-26 18:22:59 | 26d before | Out:25.70 | In:21.47
2025-09-26 18:23:12,573 - INFO - 2025-09-26 18:22:59 | 25d before | Out:16.61 | In:24.63
2025-09-26 18:23:20,314 - INFO - 2025-09-26 18:22:59 | 24d before | Out:39.99 | In:15.80
2025-09-26 18:23:28,024 - INFO - 2025-09-26 18:22:59 | 23d before | Out:61.47 | In:14.99
2025-09-26 18:23:35,655 - INFO - 2025-09-26 18:22:59 | 22d before | Out:19.11 | In:14.99
2025-09-26 18:23:43,332 - INFO - 2025-09-26 18:22:59 | 21d before | Out:54.69 | In:24.63
2025-09-26 18:23:51,124 - INFO - 2025-09-26 18:22:59 | 20d before | Out:22.69 | In:50.99
2025-09-26 18:23:58,754 - INFO - 2025-09-26 18:22:59 | 19d before | Out:14.99 | In:15.37
2025-09-26 18:24:06,389 - INFO - 2025-09-26 18:22:59 | 18d before | Out:14.99 | In:23.99
2025-09-26 18:24:14,127 - INFO - 2025-09-26 18:22:59 | 17d before | Out:21.99 | In:14.99
2025-09-26 18:24:21,784 - INFO - 2025-09-26 18:22:59 | 16d before | Out:22.99 | In:14.99
2025-09-26 18:24:29,454 - INFO - 2025-09-26 18:22:59 | 15d before | Out:14.99 | In:15.68
2025-09-26 18:24:37,111 - INFO - 2025-09-26 18:22:59 | 14d before | Out:28.09 | In:67.99
2025-09-26 18:24:44,740 - INFO - 2025-09-26 18:22:59 | 13d before | Out:16.43 | In:49.99
2025-09-26 18:24:52,386 - INFO - 2025-09-26 18:22:59 | 12d before | Out:15.44 | In:25.63
2025-09-26 18:25:00,045 - INFO - 2025-09-26 18:22:59 | 11d before | Out:14.99 | In:25.77
2025-09-26 18:25:07,751 - INFO - 2025-09-26 18:22:59 | 10d before | Out:20.79 | In:19.10
2025-09-26 18:25:15,372 - INFO - 2025-09-26 18:22:59 | 9d before | Out:31.31 | In:15.88
2025-09-26 18:25:23,045 - INFO - 2025-09-26 18:22:59 | 8d before | Out:16.30 | In:26.29
2025-09-26 18:25:30,701 - INFO - 2025-09-26 18:22:59 | 7d before | Out:42.99 | In:46.99
2025-09-26 18:25:38,349 - INFO - 2025-09-26 18:22:59 | 6d before | Out:36.99 | In:70.99
2025-09-26 18:25:45,997 - INFO - 2025-09-26 18:22:59 | 5d before | Out:17.74 | In:34.55
2025-09-26 18:25:53,669 - INFO - 2025-09-26 18:22:59 | 4d before | Out:16.76 | In:41.99
2025-09-26 18:26:01,328 - INFO - 2025-09-26 18:22:59 | 3d before | Out:49.99 | In:25.99
2025-09-26 18:26:08,973 - INFO - 2025-09-26 18:22:59 | 2d before | Out:35.99 | In:27.29
2025-09-26 18:26:16,638 - INFO - 2025-09-26 18:22:59 | 1d before | Out:18.78 | In:74.99
2025-09-26 18:26:24,290 - INFO - 2025-09-26 18:22:59 | 0d before | Out:184.30 | In:145.02
2025-09-26 18:26:24,367 - INFO - ✅ Scraper finished successfully in 213.27 seconds.
