2025-10-02 10:11:32,840 - INFO - 🚀 Scraper started.
2025-10-02 10:11:32,840 - INFO - Log file: logs/2025-10-02_10-11-32.log
2025-10-02 10:11:42,693 - INFO - Scraping window: 20 days ahead
2025-10-02 10:11:47,455 - INFO - 2025-10-02 10:11:42 | 20d before | Out:29.67 | In:26.04
2025-10-02 10:11:55,308 - INFO - 2025-10-02 10:11:42 | 19d before | Out:14.99 | In:23.99
2025-10-02 10:12:02,901 - INFO - 2025-10-02 10:11:42 | 18d before | Out:30.99 | In:14.99
2025-10-02 10:12:10,630 - INFO - 2025-10-02 10:11:42 | 17d before | Out:64.83 | In:15.20
2025-10-02 10:12:18,263 - INFO - 2025-10-02 10:11:42 | 16d before | Out:26.29 | In:14.99
2025-10-02 10:12:25,908 - INFO - 2025-10-02 10:11:42 | 15d before | Out:62.99 | In:23.99
2025-10-02 10:12:33,519 - INFO - 2025-10-02 10:11:42 | 14d before | Out:32.99 | In:69.99
2025-10-02 10:12:41,228 - INFO - 2025-10-02 10:11:42 | 13d before | Out:14.99 | In:14.99
2025-10-02 10:12:48,893 - INFO - 2025-10-02 10:11:42 | 12d before | Out:15.19 | In:17.00
2025-10-02 10:12:56,637 - INFO - 2025-10-02 10:11:42 | 11d before | Out:19.00 | In:14.99
2025-10-02 10:13:04,386 - INFO - 2025-10-02 10:11:42 | 10d before | Out:21.99 | In:14.99
2025-10-02 10:13:12,129 - INFO - 2025-10-02 10:11:42 | 9d before | Out:14.99 | In:15.76
2025-10-02 10:13:19,887 - INFO - 2025-10-02 10:11:42 | 8d before | Out:33.26 | In:77.99
2025-10-02 10:13:27,600 - INFO - 2025-10-02 10:11:42 | 7d before | Out:27.29 | In:103.99
2025-10-02 10:13:35,298 - INFO - 2025-10-02 10:11:42 | 6d before | Out:15.28 | In:26.99
2025-10-02 10:13:42,995 - INFO - 2025-10-02 10:11:42 | 5d before | Out:14.99 | In:50.99
2025-10-02 10:13:50,778 - INFO - 2025-10-02 10:11:42 | 4d before | Out:18.00 | In:24.99
2025-10-02 10:13:58,549 - INFO - 2025-10-02 10:11:42 | 3d before | Out:47.97 | In:16.46
2025-10-02 10:14:06,322 - INFO - 2025-10-02 10:11:42 | 2d before | Out:14.99 | In:22.88
2025-10-02 10:14:14,062 - INFO - 2025-10-02 10:11:42 | 1d before | Out:130.28 | In:90.99
2025-10-02 10:14:21,832 - INFO - 2025-10-02 10:11:42 | 0d before | Out:125.37 | In:129.28
2025-10-02 10:14:21,925 - INFO - ✅ Scraper finished successfully in 169.09 seconds.
