2025-09-25 10:12:19,900 - INFO - 🚀 Scraper started.
2025-09-25 10:12:19,900 - INFO - Log file: logs/2025-09-25_10-12-19.log
2025-09-25 10:12:34,786 - INFO - Scraping window: 27 days ahead
2025-09-25 10:12:40,074 - INFO - 2025-09-25 10:12:34 | 27d before | Out:20.29 | In:18.59
2025-09-25 10:12:47,979 - INFO - 2025-09-25 10:12:34 | 26d before | Out:14.99 | In:14.99
2025-09-25 10:12:55,614 - INFO - 2025-09-25 10:12:34 | 25d before | Out:18.59 | In:14.99
2025-09-25 10:13:03,288 - INFO - 2025-09-25 10:12:34 | 24d before | Out:39.89 | In:15.20
2025-09-25 10:13:10,914 - INFO - 2025-09-25 10:12:34 | 23d before | Out:19.59 | In:14.99
2025-09-25 10:13:18,555 - INFO - 2025-09-25 10:12:34 | 22d before | Out:50.99 | In:22.39
2025-09-25 10:13:26,253 - INFO - 2025-09-25 10:12:34 | 21d before | Out:14.99 | In:37.99
2025-09-25 10:13:33,966 - INFO - 2025-09-25 10:12:34 | 20d before | Out:14.99 | In:14.99
2025-09-25 10:13:42,450 - INFO - 2025-09-25 10:12:34 | 19d before | Out:15.18 | In:14.99
2025-09-25 10:13:50,149 - INFO - 2025-09-25 10:12:34 | 18d before | Out:18.00 | In:14.99
2025-09-25 10:13:57,790 - INFO - 2025-09-25 10:12:34 | 17d before | Out:17.99 | In:14.99
2025-09-25 10:14:05,406 - INFO - 2025-09-25 10:12:34 | 16d before | Out:14.99 | In:14.99
2025-09-25 10:14:13,141 - INFO - 2025-09-25 10:12:34 | 15d before | Out:25.19 | In:51.89
2025-09-25 10:14:20,857 - INFO - 2025-09-25 10:12:34 | 14d before | Out:14.99 | In:49.99
2025-09-25 10:14:28,539 - INFO - 2025-09-25 10:12:34 | 13d before | Out:15.22 | In:14.99
2025-09-25 10:14:36,228 - INFO - 2025-09-25 10:12:34 | 12d before | Out:14.99 | In:28.19
2025-09-25 10:14:44,416 - INFO - 2025-09-25 10:12:34 | 11d before | Out:16.00 | In:20.29
2025-09-25 10:14:52,051 - INFO - 2025-09-25 10:12:34 | 10d before | Out:14.99 | In:15.27
2025-09-25 10:14:59,790 - INFO - 2025-09-25 10:12:34 | 9d before | Out:14.99 | In:17.74
2025-09-25 10:15:07,454 - INFO - 2025-09-25 10:12:34 | 8d before | Out:42.99 | In:46.99
2025-09-25 10:15:15,147 - INFO - 2025-09-25 10:12:34 | 7d before | Out:32.99 | In:73.99
2025-09-25 10:15:22,747 - INFO - 2025-09-25 10:12:34 | 6d before | Out:15.80 | In:16.37
2025-09-25 10:15:30,445 - INFO - 2025-09-25 10:12:34 | 5d before | Out:14.99 | In:30.99
2025-09-25 10:15:38,026 - INFO - 2025-09-25 10:12:34 | 4d before | Out:16.82 | In:25.99
2025-09-25 10:15:45,784 - INFO - 2025-09-25 10:12:34 | 3d before | Out:35.99 | In:19.39
2025-09-25 10:15:53,496 - INFO - 2025-09-25 10:12:34 | 2d before | Out:15.32 | In:64.99
2025-09-25 10:16:01,145 - INFO - 2025-09-25 10:12:34 | 1d before | Out:132.99 | In:119.13
2025-09-25 10:16:08,777 - INFO - 2025-09-25 10:12:34 | 0d before | Out:145.02 | In:199.76
2025-09-25 10:16:08,874 - INFO - ✅ Scraper finished successfully in 228.97 seconds.
