2025-10-02 18:24:24,199 - INFO - 🚀 Scraper started.
2025-10-02 18:24:24,199 - INFO - Log file: logs/2025-10-02_18-24-24.log
2025-10-02 18:24:33,382 - INFO - Scraping window: 20 days ahead
2025-10-02 18:24:37,876 - INFO - 2025-10-02 18:24:33 | 20d before | Out:24.05 | In:24.99
2025-10-02 18:24:45,713 - INFO - 2025-10-02 18:24:33 | 19d before | Out:19.99 | In:23.99
2025-10-02 18:24:53,333 - INFO - 2025-10-02 18:24:33 | 18d before | Out:30.99 | In:14.99
2025-10-02 18:25:00,944 - INFO - 2025-10-02 18:24:33 | 17d before | Out:64.83 | In:15.41
2025-10-02 18:25:08,624 - INFO - 2025-10-02 18:24:33 | 16d before | Out:32.19 | In:15.19
2025-10-02 18:25:16,259 - INFO - 2025-10-02 18:24:33 | 15d before | Out:62.99 | In:23.99
2025-10-02 18:25:23,883 - INFO - 2025-10-02 18:24:33 | 14d before | Out:32.99 | In:62.99
2025-10-02 18:25:31,530 - INFO - 2025-10-02 18:24:33 | 13d before | Out:14.99 | In:16.06
2025-10-02 18:25:39,254 - INFO - 2025-10-02 18:24:33 | 12d before | Out:15.58 | In:17.00
2025-10-02 18:25:46,994 - INFO - 2025-10-02 18:24:33 | 11d before | Out:27.99 | In:14.99
2025-10-02 18:25:54,611 - INFO - 2025-10-02 18:24:33 | 10d before | Out:24.99 | In:14.99
2025-10-02 18:26:02,251 - INFO - 2025-10-02 18:24:33 | 9d before | Out:15.41 | In:16.27
2025-10-02 18:26:09,909 - INFO - 2025-10-02 18:24:33 | 8d before | Out:33.26 | In:68.99
2025-10-02 18:26:17,528 - INFO - 2025-10-02 18:24:33 | 7d before | Out:27.29 | In:98.99
2025-10-02 18:26:25,144 - INFO - 2025-10-02 18:24:33 | 6d before | Out:16.73 | In:26.99
2025-10-02 18:26:32,853 - INFO - 2025-10-02 18:24:33 | 5d before | Out:15.54 | In:44.99
2025-10-02 18:26:40,557 - INFO - 2025-10-02 18:24:33 | 4d before | Out:19.00 | In:24.99
2025-10-02 18:26:48,252 - INFO - 2025-10-02 18:24:33 | 3d before | Out:47.97 | In:17.56
2025-10-02 18:26:55,911 - INFO - 2025-10-02 18:24:33 | 2d before | Out:16.89 | In:25.98
2025-10-02 18:27:03,519 - INFO - 2025-10-02 18:24:33 | 1d before | Out:130.28 | In:112.71
2025-10-02 18:27:11,115 - INFO - 2025-10-02 18:24:33 | 0d before | Out:129.28 | In:N/A
2025-10-02 18:27:11,212 - INFO - ✅ Scraper finished successfully in 167.01 seconds.
