2025-09-23 18:25:41,306 - INFO - 🚀 Scraper started.
2025-09-23 18:25:41,306 - INFO - Log file: logs/2025-09-23_18-25-41.log
2025-09-23 18:25:52,971 - INFO - Scraping window: 29 days ahead
2025-09-23 18:25:57,654 - INFO - 2025-09-23 18:25:52 | 29d before | Out:17.16 | In:20.47
2025-09-23 18:26:05,503 - INFO - 2025-09-23 18:25:52 | 28d before | Out:14.99 | In:25.99
2025-09-23 18:26:13,232 - INFO - 2025-09-23 18:25:52 | 27d before | Out:23.88 | In:14.99
2025-09-23 18:26:20,905 - INFO - 2025-09-23 18:25:52 | 26d before | Out:47.96 | In:16.41
2025-09-23 18:26:28,571 - INFO - 2025-09-23 18:25:52 | 25d before | Out:14.99 | In:15.31
2025-09-23 18:26:36,206 - INFO - 2025-09-23 18:25:52 | 24d before | Out:49.99 | In:21.89
2025-09-23 18:26:43,814 - INFO - 2025-09-23 18:25:52 | 23d before | Out:16.09 | In:31.99
2025-09-23 18:26:51,466 - INFO - 2025-09-23 18:25:52 | 22d before | Out:14.99 | In:14.99
2025-09-23 18:26:59,082 - INFO - 2025-09-23 18:25:52 | 21d before | Out:15.25 | In:18.99
2025-09-23 18:27:06,960 - INFO - 2025-09-23 18:25:52 | 20d before | Out:14.99 | In:15.36
2025-09-23 18:27:14,575 - INFO - 2025-09-23 18:25:52 | 19d before | Out:19.00 | In:14.99
2025-09-23 18:27:22,186 - INFO - 2025-09-23 18:25:52 | 18d before | Out:14.99 | In:15.00
2025-09-23 18:27:29,813 - INFO - 2025-09-23 18:25:52 | 17d before | Out:39.43 | In:34.65
2025-09-23 18:27:37,440 - INFO - 2025-09-23 18:25:52 | 16d before | Out:23.88 | In:49.99
2025-09-23 18:27:45,098 - INFO - 2025-09-23 18:25:52 | 15d before | Out:15.47 | In:25.20
2025-09-23 18:27:52,780 - INFO - 2025-09-23 18:25:52 | 14d before | Out:14.99 | In:28.99
2025-09-23 18:28:00,425 - INFO - 2025-09-23 18:25:52 | 13d before | Out:17.00 | In:17.59
2025-09-23 18:28:08,066 - INFO - 2025-09-23 18:25:52 | 12d before | Out:14.99 | In:14.99
2025-09-23 18:28:15,736 - INFO - 2025-09-23 18:25:52 | 11d before | Out:15.95 | In:17.59
2025-09-23 18:28:23,325 - INFO - 2025-09-23 18:25:52 | 10d before | Out:42.99 | In:46.99
2025-09-23 18:28:31,035 - INFO - 2025-09-23 18:25:52 | 9d before | Out:36.99 | In:60.72
2025-09-23 18:28:38,755 - INFO - 2025-09-23 18:25:52 | 8d before | Out:16.66 | In:14.99
2025-09-23 18:28:46,383 - INFO - 2025-09-23 18:25:52 | 7d before | Out:17.15 | In:24.76
2025-09-23 18:28:53,998 - INFO - 2025-09-23 18:25:52 | 6d before | Out:15.84 | In:20.49
2025-09-23 18:29:01,648 - INFO - 2025-09-23 18:25:52 | 5d before | Out:35.99 | In:17.53
2025-09-23 18:29:09,311 - INFO - 2025-09-23 18:25:52 | 4d before | Out:15.57 | In:70.23
2025-09-23 18:29:16,987 - INFO - 2025-09-23 18:25:52 | 3d before | Out:74.99 | In:94.99
2025-09-23 18:29:24,641 - INFO - 2025-09-23 18:25:52 | 2d before | Out:36.99 | In:160.67
2025-09-23 18:29:32,227 - INFO - 2025-09-23 18:25:52 | 1d before | Out:63.37 | In:41.99
2025-09-23 18:29:40,448 - INFO - 2025-09-23 18:25:52 | 0d before | Out:99.99 | In:49.99
2025-09-23 18:29:40,543 - INFO - ✅ Scraper finished successfully in 239.24 seconds.
