2025-09-30 18:23:03,469 - INFO - 🚀 Scraper started.
2025-09-30 18:23:03,469 - INFO - Log file: logs/2025-09-30_18-23-03.log
2025-09-30 18:23:11,768 - INFO - Scraping window: 22 days ahead
2025-09-30 18:23:17,282 - INFO - 2025-09-30 18:23:11 | 22d before | Out:20.77 | In:25.19
2025-09-30 18:23:25,695 - INFO - 2025-09-30 18:23:11 | 21d before | Out:14.99 | In:24.99
2025-09-30 18:23:33,408 - INFO - 2025-09-30 18:23:11 | 20d before | Out:30.99 | In:15.22
2025-09-30 18:23:41,123 - INFO - 2025-09-30 18:23:11 | 19d before | Out:58.08 | In:14.99
2025-09-30 18:23:48,782 - INFO - 2025-09-30 18:23:11 | 18d before | Out:20.49 | In:15.97
2025-09-30 18:23:56,501 - INFO - 2025-09-30 18:23:11 | 17d before | Out:51.99 | In:23.99
2025-09-30 18:24:04,327 - INFO - 2025-09-30 18:23:11 | 16d before | Out:20.99 | In:48.93
2025-09-30 18:24:12,178 - INFO - 2025-09-30 18:23:11 | 15d before | Out:17.16 | In:16.01
2025-09-30 18:24:19,884 - INFO - 2025-09-30 18:23:11 | 14d before | Out:15.79 | In:16.99
2025-09-30 18:24:28,059 - INFO - 2025-09-30 18:23:11 | 13d before | Out:21.00 | In:15.22
2025-09-30 18:24:35,796 - INFO - 2025-09-30 18:23:11 | 12d before | Out:20.99 | In:15.00
2025-09-30 18:24:43,528 - INFO - 2025-09-30 18:23:11 | 11d before | Out:15.70 | In:15.28
2025-09-30 18:24:51,286 - INFO - 2025-09-30 18:23:11 | 10d before | Out:44.33 | In:48.93
2025-09-30 18:24:58,998 - INFO - 2025-09-30 18:23:11 | 9d before | Out:25.70 | In:76.99
2025-09-30 18:25:06,733 - INFO - 2025-09-30 18:23:11 | 8d before | Out:14.99 | In:16.99
2025-09-30 18:25:14,508 - INFO - 2025-09-30 18:23:11 | 7d before | Out:15.13 | In:38.33
2025-09-30 18:25:22,259 - INFO - 2025-09-30 18:23:11 | 6d before | Out:18.37 | In:18.89
2025-09-30 18:25:30,600 - INFO - 2025-09-30 18:23:11 | 5d before | Out:60.41 | In:15.71
2025-09-30 18:25:38,267 - INFO - 2025-09-30 18:23:11 | 4d before | Out:14.99 | In:25.98
2025-09-30 18:25:45,999 - INFO - 2025-09-30 18:23:11 | 3d before | Out:88.99 | In:81.22
2025-09-30 18:25:53,725 - INFO - 2025-09-30 18:23:11 | 2d before | Out:35.99 | In:114.84
2025-09-30 18:26:01,450 - INFO - 2025-09-30 18:23:11 | 1d before | Out:35.99 | In:21.00
2025-09-30 18:26:09,184 - INFO - 2025-09-30 18:23:11 | 0d before | Out:109.99 | In:64.99
2025-09-30 18:26:09,249 - INFO - ✅ Scraper finished successfully in 185.78 seconds.
