2025-09-27 10:10:03,906 - INFO - 🚀 Scraper started.
2025-09-27 10:10:03,906 - INFO - Log file: logs/2025-09-27_10-10-03.log
2025-09-27 10:10:18,708 - INFO - Scraping window: 25 days ahead
2025-09-27 10:10:23,332 - INFO - 2025-09-27 10:10:18 | 25d before | Out:14.99 | In:27.99
2025-09-27 10:10:31,216 - INFO - 2025-09-27 10:10:18 | 24d before | Out:14.99 | In:23.80
2025-09-27 10:10:38,909 - INFO - 2025-09-27 10:10:18 | 23d before | Out:39.99 | In:14.99
2025-09-27 10:10:46,474 - INFO - 2025-09-27 10:10:18 | 22d before | Out:53.34 | In:14.99
2025-09-27 10:10:54,047 - INFO - 2025-09-27 10:10:18 | 21d before | Out:17.19 | In:14.99
2025-09-27 10:11:01,618 - INFO - 2025-09-27 10:10:18 | 20d before | Out:49.04 | In:35.99
2025-09-27 10:11:09,243 - INFO - 2025-09-27 10:10:18 | 19d before | Out:28.33 | In:44.99
2025-09-27 10:11:16,809 - INFO - 2025-09-27 10:10:18 | 18d before | Out:14.99 | In:14.99
2025-09-27 10:11:24,398 - INFO - 2025-09-27 10:10:18 | 17d before | Out:14.99 | In:23.99
2025-09-27 10:11:32,132 - INFO - 2025-09-27 10:10:18 | 16d before | Out:22.00 | In:14.99
2025-09-27 10:11:39,777 - INFO - 2025-09-27 10:10:18 | 15d before | Out:25.00 | In:14.99
2025-09-27 10:11:47,338 - INFO - 2025-09-27 10:10:18 | 14d before | Out:14.99 | In:15.76
2025-09-27 10:11:55,022 - INFO - 2025-09-27 10:10:18 | 13d before | Out:22.64 | In:61.99
2025-09-27 10:12:02,571 - INFO - 2025-09-27 10:10:18 | 12d before | Out:14.99 | In:49.99
2025-09-27 10:12:10,176 - INFO - 2025-09-27 10:10:18 | 11d before | Out:14.99 | In:24.98
2025-09-27 10:12:17,859 - INFO - 2025-09-27 10:10:18 | 10d before | Out:14.99 | In:14.99
2025-09-27 10:12:25,428 - INFO - 2025-09-27 10:10:18 | 9d before | Out:20.00 | In:14.99
2025-09-27 10:12:33,034 - INFO - 2025-09-27 10:10:18 | 8d before | Out:31.31 | In:15.29
2025-09-27 10:12:40,692 - INFO - 2025-09-27 10:10:18 | 7d before | Out:15.28 | In:26.29
2025-09-27 10:12:48,360 - INFO - 2025-09-27 10:10:18 | 6d before | Out:42.99 | In:46.99
2025-09-27 10:12:55,911 - INFO - 2025-09-27 10:10:18 | 5d before | Out:34.13 | In:86.99
2025-09-27 10:13:03,531 - INFO - 2025-09-27 10:10:18 | 4d before | Out:15.72 | In:37.99
2025-09-27 10:13:11,221 - INFO - 2025-09-27 10:10:18 | 3d before | Out:14.99 | In:39.88
2025-09-27 10:13:18,808 - INFO - 2025-09-27 10:10:18 | 2d before | Out:56.99 | In:25.99
2025-09-27 10:13:26,548 - INFO - 2025-09-27 10:10:18 | 1d before | Out:35.99 | In:27.29
2025-09-27 10:13:34,207 - INFO - 2025-09-27 10:10:18 | 0d before | Out:106.42 | In:98.47
2025-09-27 10:13:34,287 - INFO - ✅ Scraper finished successfully in 210.38 seconds.
