2025-09-27 18:21:21,230 - INFO - 🚀 Scraper started.
2025-09-27 18:21:21,230 - INFO - Log file: logs/2025-09-27_18-21-21.log
2025-09-27 18:21:29,227 - INFO - Scraping window: 25 days ahead
2025-09-27 18:21:35,137 - INFO - 2025-09-27 18:21:29 | 25d before | Out:17.59 | In:27.99
2025-09-27 18:21:43,056 - INFO - 2025-09-27 18:21:29 | 24d before | Out:15.64 | In:27.30
2025-09-27 18:21:51,522 - INFO - 2025-09-27 18:21:29 | 23d before | Out:39.99 | In:15.47
2025-09-27 18:21:59,176 - INFO - 2025-09-27 18:21:29 | 22d before | Out:53.34 | In:14.99
2025-09-27 18:22:06,838 - INFO - 2025-09-27 18:21:29 | 21d before | Out:21.59 | In:15.18
2025-09-27 18:22:14,393 - INFO - 2025-09-27 18:21:29 | 20d before | Out:54.99 | In:35.99
2025-09-27 18:22:21,953 - INFO - 2025-09-27 18:21:29 | 19d before | Out:25.63 | In:44.99
2025-09-27 18:22:29,621 - INFO - 2025-09-27 18:21:29 | 18d before | Out:14.99 | In:15.79
2025-09-27 18:22:37,393 - INFO - 2025-09-27 18:21:29 | 17d before | Out:15.38 | In:23.99
2025-09-27 18:22:45,049 - INFO - 2025-09-27 18:21:29 | 16d before | Out:22.00 | In:14.99
2025-09-27 18:22:52,718 - INFO - 2025-09-27 18:21:29 | 15d before | Out:25.00 | In:14.99
2025-09-27 18:23:00,376 - INFO - 2025-09-27 18:21:29 | 14d before | Out:14.99 | In:15.76
2025-09-27 18:23:07,944 - INFO - 2025-09-27 18:21:29 | 13d before | Out:43.24 | In:61.99
2025-09-27 18:23:15,504 - INFO - 2025-09-27 18:21:29 | 12d before | Out:14.99 | In:49.99
2025-09-27 18:23:23,210 - INFO - 2025-09-27 18:21:29 | 11d before | Out:15.44 | In:25.63
2025-09-27 18:23:30,858 - INFO - 2025-09-27 18:21:29 | 10d before | Out:14.99 | In:20.76
2025-09-27 18:23:38,517 - INFO - 2025-09-27 18:21:29 | 9d before | Out:21.99 | In:16.43
2025-09-27 18:23:46,065 - INFO - 2025-09-27 18:21:29 | 8d before | Out:37.65 | In:17.67
2025-09-27 18:23:54,482 - INFO - 2025-09-27 18:21:29 | 7d before | Out:16.44 | In:26.29
2025-09-27 18:24:02,138 - INFO - 2025-09-27 18:21:29 | 6d before | Out:42.99 | In:46.99
2025-09-27 18:24:09,724 - INFO - 2025-09-27 18:21:29 | 5d before | Out:36.99 | In:86.99
2025-09-27 18:24:17,283 - INFO - 2025-09-27 18:21:29 | 4d before | Out:17.92 | In:37.99
2025-09-27 18:24:24,838 - INFO - 2025-09-27 18:21:29 | 3d before | Out:15.45 | In:39.88
2025-09-27 18:24:32,491 - INFO - 2025-09-27 18:21:29 | 2d before | Out:56.99 | In:25.99
2025-09-27 18:24:40,146 - INFO - 2025-09-27 18:21:29 | 1d before | Out:35.99 | In:27.29
2025-09-27 18:24:47,852 - INFO - 2025-09-27 18:21:29 | 0d before | Out:114.00 | In:98.47
2025-09-27 18:24:47,949 - INFO - ✅ Scraper finished successfully in 206.72 seconds.
