2025-09-24 10:12:32,893 - INFO - 🚀 Scraper started.
2025-09-24 10:12:32,894 - INFO - Log file: logs/2025-09-24_10-12-32.log
2025-09-24 10:12:45,922 - INFO - Scraping window: 28 days ahead
2025-09-24 10:12:50,531 - INFO - 2025-09-24 10:12:45 | 28d before | Out:14.99 | In:21.35
2025-09-24 10:12:58,351 - INFO - 2025-09-24 10:12:45 | 27d before | Out:14.99 | In:25.99
2025-09-24 10:13:05,946 - INFO - 2025-09-24 10:12:45 | 26d before | Out:29.95 | In:16.17
2025-09-24 10:13:13,547 - INFO - 2025-09-24 10:12:45 | 25d before | Out:50.90 | In:14.99
2025-09-24 10:13:21,178 - INFO - 2025-09-24 10:12:45 | 24d before | Out:20.35 | In:14.99
2025-09-24 10:13:28,766 - INFO - 2025-09-24 10:12:45 | 23d before | Out:49.99 | In:20.35
2025-09-24 10:13:36,389 - INFO - 2025-09-24 10:12:45 | 22d before | Out:14.99 | In:32.99
2025-09-24 10:13:43,975 - INFO - 2025-09-24 10:12:45 | 21d before | Out:14.99 | In:14.99
2025-09-24 10:13:51,543 - INFO - 2025-09-24 10:12:45 | 20d before | Out:14.99 | In:20.00
2025-09-24 10:13:59,219 - INFO - 2025-09-24 10:12:45 | 19d before | Out:15.00 | In:14.99
2025-09-24 10:14:06,912 - INFO - 2025-09-24 10:12:45 | 18d before | Out:15.00 | In:14.99
2025-09-24 10:14:14,609 - INFO - 2025-09-24 10:12:45 | 17d before | Out:14.99 | In:14.99
2025-09-24 10:14:22,262 - INFO - 2025-09-24 10:12:45 | 16d before | Out:39.43 | In:52.99
2025-09-24 10:14:29,899 - INFO - 2025-09-24 10:12:45 | 15d before | Out:24.31 | In:49.99
2025-09-24 10:14:37,471 - INFO - 2025-09-24 10:12:45 | 14d before | Out:14.99 | In:25.20
2025-09-24 10:14:45,049 - INFO - 2025-09-24 10:12:45 | 13d before | Out:14.99 | In:28.99
2025-09-24 10:14:52,635 - INFO - 2025-09-24 10:12:45 | 12d before | Out:14.99 | In:14.99
2025-09-24 10:15:00,270 - INFO - 2025-09-24 10:12:45 | 11d before | Out:18.24 | In:14.99
2025-09-24 10:15:07,913 - INFO - 2025-09-24 10:12:45 | 10d before | Out:14.99 | In:14.99
2025-09-24 10:15:15,520 - INFO - 2025-09-24 10:12:45 | 9d before | Out:42.99 | In:46.99
2025-09-24 10:15:24,037 - INFO - 2025-09-24 10:12:45 | 8d before | Out:36.99 | In:66.99
2025-09-24 10:15:31,631 - INFO - 2025-09-24 10:12:45 | 7d before | Out:14.99 | In:14.99
2025-09-24 10:15:39,316 - INFO - 2025-09-24 10:12:45 | 6d before | Out:15.27 | In:23.82
2025-09-24 10:15:46,885 - INFO - 2025-09-24 10:12:45 | 5d before | Out:14.99 | In:25.99
2025-09-24 10:15:54,458 - INFO - 2025-09-24 10:12:45 | 4d before | Out:35.99 | In:14.99
2025-09-24 10:16:02,135 - INFO - 2025-09-24 10:12:45 | 3d before | Out:14.99 | In:74.16
2025-09-24 10:16:09,767 - INFO - 2025-09-24 10:12:45 | 2d before | Out:74.99 | In:108.33
2025-09-24 10:16:17,335 - INFO - 2025-09-24 10:12:45 | 1d before | Out:44.99 | In:120.91
2025-09-24 10:16:26,315 - INFO - 2025-09-24 10:12:45 | 0d before | Out:137.45 | In:53.99
2025-09-24 10:16:26,410 - INFO - ✅ Scraper finished successfully in 233.52 seconds.
