2025-10-04 18:21:38,225 - INFO - 🚀 Scraper started.
2025-10-04 18:21:38,225 - INFO - Log file: logs/2025-10-04_18-21-38.log
2025-10-04 18:22:06,845 - INFO - Scraping window: 18 days ahead
2025-10-04 18:22:14,485 - INFO - 2025-10-04 18:22:06 | 18d before | Out:25.98 | In:29.57
2025-10-04 18:22:22,288 - INFO - 2025-10-04 18:22:06 | 17d before | Out:22.17 | In:23.99
2025-10-04 18:22:30,537 - INFO - 2025-10-04 18:22:06 | 16d before | Out:31.99 | In:15.21
2025-10-04 18:22:38,157 - INFO - 2025-10-04 18:22:06 | 15d before | Out:75.21 | In:15.85
2025-10-04 18:22:45,777 - INFO - 2025-10-04 18:22:06 | 14d before | Out:31.35 | In:14.99
2025-10-04 18:22:53,402 - INFO - 2025-10-04 18:22:06 | 13d before | Out:68.67 | In:66.99
2025-10-04 18:23:01,085 - INFO - 2025-10-04 18:22:06 | 12d before | Out:27.29 | In:75.99
2025-10-04 18:23:08,707 - INFO - 2025-10-04 18:22:06 | 11d before | Out:14.99 | In:14.99
2025-10-04 18:23:16,539 - INFO - 2025-10-04 18:22:06 | 10d before | Out:15.78 | In:19.99
2025-10-04 18:23:24,208 - INFO - 2025-10-04 18:22:06 | 9d before | Out:17.00 | In:14.99
2025-10-04 18:23:32,555 - INFO - 2025-10-04 18:22:06 | 8d before | Out:20.00 | In:14.99
2025-10-04 18:23:40,260 - INFO - 2025-10-04 18:22:06 | 7d before | Out:17.28 | In:18.45
2025-10-04 18:23:47,924 - INFO - 2025-10-04 18:22:06 | 6d before | Out:41.21 | In:96.99
2025-10-04 18:23:55,589 - INFO - 2025-10-04 18:22:06 | 5d before | Out:36.99 | In:84.99
2025-10-04 18:24:03,190 - INFO - 2025-10-04 18:22:06 | 4d before | Out:17.43 | In:26.99
2025-10-04 18:24:10,844 - INFO - 2025-10-04 18:22:06 | 3d before | Out:15.00 | In:41.21
2025-10-04 18:24:18,523 - INFO - 2025-10-04 18:22:06 | 2d before | Out:31.35 | In:25.99
2025-10-04 18:24:26,194 - INFO - 2025-10-04 18:22:06 | 1d before | Out:77.11 | In:17.53
2025-10-04 18:24:34,396 - INFO - 2025-10-04 18:22:06 | 0d before | Out:99.33 | In:30.99
2025-10-04 18:24:34,472 - INFO - ✅ Scraper finished successfully in 176.25 seconds.
