2025-10-07 10:11:58,522 - INFO - 🚀 Scraper started.
2025-10-07 10:11:58,522 - INFO - Log file: logs/2025-10-07_10-11-58.log
2025-10-07 10:12:06,255 - INFO - Scraping window: 15 days ahead
2025-10-07 10:12:11,901 - INFO - 2025-10-07 10:12:06 | 15d before | Out:33.99 | In:28.44
2025-10-07 10:12:19,666 - INFO - 2025-10-07 10:12:06 | 14d before | Out:21.47 | In:22.99
2025-10-07 10:12:27,316 - INFO - 2025-10-07 10:12:06 | 13d before | Out:37.99 | In:15.19
2025-10-07 10:12:34,952 - INFO - 2025-10-07 10:12:06 | 12d before | Out:41.60 | In:14.99
2025-10-07 10:12:42,575 - INFO - 2025-10-07 10:12:06 | 11d before | Out:33.03 | In:14.99
2025-10-07 10:12:50,219 - INFO - 2025-10-07 10:12:06 | 10d before | Out:63.99 | In:51.39
2025-10-07 10:12:57,820 - INFO - 2025-10-07 10:12:06 | 9d before | Out:22.99 | In:69.99
2025-10-07 10:13:05,463 - INFO - 2025-10-07 10:12:06 | 8d before | Out:17.04 | In:14.99
2025-10-07 10:13:13,104 - INFO - 2025-10-07 10:12:06 | 7d before | Out:15.22 | In:17.00
2025-10-07 10:13:20,793 - INFO - 2025-10-07 10:12:06 | 6d before | Out:27.99 | In:15.23
2025-10-07 10:13:28,411 - INFO - 2025-10-07 10:12:06 | 5d before | Out:24.99 | In:14.99
2025-10-07 10:13:36,022 - INFO - 2025-10-07 10:12:06 | 4d before | Out:14.99 | In:15.60
2025-10-07 10:13:43,760 - INFO - 2025-10-07 10:12:06 | 3d before | Out:81.34 | In:102.65
2025-10-07 10:13:51,383 - INFO - 2025-10-07 10:12:06 | 2d before | Out:30.51 | In:119.99
2025-10-07 10:13:58,969 - INFO - 2025-10-07 10:12:06 | 1d before | Out:16.28 | In:36.99
2025-10-07 10:14:06,589 - INFO - 2025-10-07 10:12:06 | 0d before | Out:90.69 | In:73.13
2025-10-07 10:14:06,663 - INFO - ✅ Scraper finished successfully in 128.14 seconds.
