2025-09-26 10:11:50,206 - INFO - 🚀 Scraper started.
2025-09-26 10:11:50,206 - INFO - Log file: logs/2025-09-26_10-11-50.log
2025-09-26 10:11:57,529 - INFO - Scraping window: 26 days ahead
2025-09-26 10:12:01,927 - INFO - 2025-09-26 10:11:57 | 26d before | Out:25.70 | In:21.47
2025-09-26 10:12:09,777 - INFO - 2025-09-26 10:11:57 | 25d before | Out:14.99 | In:24.63
2025-09-26 10:12:17,412 - INFO - 2025-09-26 10:11:57 | 24d before | Out:39.99 | In:14.99
2025-09-26 10:12:25,122 - INFO - 2025-09-26 10:11:57 | 23d before | Out:55.17 | In:14.99
2025-09-26 10:12:32,857 - INFO - 2025-09-26 10:11:57 | 22d before | Out:16.37 | In:14.99
2025-09-26 10:12:40,529 - INFO - 2025-09-26 10:11:57 | 21d before | Out:54.69 | In:24.63
2025-09-26 10:12:48,165 - INFO - 2025-09-26 10:11:57 | 20d before | Out:19.39 | In:49.99
2025-09-26 10:12:55,828 - INFO - 2025-09-26 10:11:57 | 19d before | Out:14.99 | In:14.99
2025-09-26 10:13:03,582 - INFO - 2025-09-26 10:11:57 | 18d before | Out:14.99 | In:23.99
2025-09-26 10:13:11,536 - INFO - 2025-09-26 10:11:57 | 17d before | Out:23.65 | In:14.99
2025-09-26 10:13:19,178 - INFO - 2025-09-26 10:11:57 | 16d before | Out:19.99 | In:14.99
2025-09-26 10:13:26,853 - INFO - 2025-09-26 10:11:57 | 15d before | Out:14.99 | In:14.99
2025-09-26 10:13:34,536 - INFO - 2025-09-26 10:11:57 | 14d before | Out:28.09 | In:62.99
2025-09-26 10:13:42,252 - INFO - 2025-09-26 10:11:57 | 13d before | Out:14.99 | In:49.99
2025-09-26 10:13:49,925 - INFO - 2025-09-26 10:11:57 | 12d before | Out:14.99 | In:25.63
2025-09-26 10:13:57,676 - INFO - 2025-09-26 10:11:57 | 11d before | Out:14.99 | In:25.77
2025-09-26 10:14:05,337 - INFO - 2025-09-26 10:11:57 | 10d before | Out:14.99 | In:18.41
2025-09-26 10:14:13,061 - INFO - 2025-09-26 10:11:57 | 9d before | Out:19.32 | In:15.29
2025-09-26 10:14:20,709 - INFO - 2025-09-26 10:11:57 | 8d before | Out:14.99 | In:22.99
2025-09-26 10:14:28,430 - INFO - 2025-09-26 10:11:57 | 7d before | Out:42.99 | In:46.99
2025-09-26 10:14:36,201 - INFO - 2025-09-26 10:11:57 | 6d before | Out:36.99 | In:76.99
2025-09-26 10:14:43,918 - INFO - 2025-09-26 10:11:57 | 5d before | Out:15.54 | In:17.19
2025-09-26 10:14:51,681 - INFO - 2025-09-26 10:11:57 | 4d before | Out:15.34 | In:39.88
2025-09-26 10:14:59,399 - INFO - 2025-09-26 10:11:57 | 3d before | Out:27.17 | In:25.99
2025-09-26 10:15:07,054 - INFO - 2025-09-26 10:11:57 | 2d before | Out:35.99 | In:27.99
2025-09-26 10:15:14,682 - INFO - 2025-09-26 10:11:57 | 1d before | Out:15.37 | In:74.51
2025-09-26 10:15:22,450 - INFO - 2025-09-26 10:11:57 | 0d before | Out:141.03 | In:145.02
2025-09-26 10:15:22,547 - INFO - ✅ Scraper finished successfully in 212.34 seconds.
