2025-09-29 10:13:00,849 - INFO - 🚀 Scraper started.
2025-09-29 10:13:00,849 - INFO - Log file: logs/2025-09-29_10-13-00.log
2025-09-29 10:13:15,885 - INFO - Scraping window: 23 days ahead
2025-09-29 10:13:21,419 - INFO - 2025-09-29 10:13:15 | 23d before | Out:14.99 | In:15.00
2025-09-29 10:13:29,374 - INFO - 2025-09-29 10:13:15 | 22d before | Out:14.99 | In:21.99
2025-09-29 10:13:36,968 - INFO - 2025-09-29 10:13:15 | 21d before | Out:15.00 | In:14.99
2025-09-29 10:13:44,576 - INFO - 2025-09-29 10:13:15 | 20d before | Out:61.47 | In:14.99
2025-09-29 10:13:52,247 - INFO - 2025-09-29 10:13:15 | 19d before | Out:25.98 | In:14.99
2025-09-29 10:13:59,881 - INFO - 2025-09-29 10:13:15 | 18d before | Out:46.00 | In:22.00
2025-09-29 10:14:07,527 - INFO - 2025-09-29 10:13:15 | 17d before | Out:18.00 | In:49.04
2025-09-29 10:14:15,150 - INFO - 2025-09-29 10:13:15 | 16d before | Out:14.99 | In:14.99
2025-09-29 10:14:22,766 - INFO - 2025-09-29 10:13:15 | 15d before | Out:14.99 | In:19.00
2025-09-29 10:14:30,299 - INFO - 2025-09-29 10:13:15 | 14d before | Out:15.00 | In:14.99
2025-09-29 10:14:37,841 - INFO - 2025-09-29 10:13:15 | 13d before | Out:15.00 | In:14.99
2025-09-29 10:14:45,375 - INFO - 2025-09-29 10:13:15 | 12d before | Out:14.99 | In:15.00
2025-09-29 10:14:52,916 - INFO - 2025-09-29 10:13:15 | 11d before | Out:44.33 | In:59.99
2025-09-29 10:15:00,558 - INFO - 2025-09-29 10:13:15 | 10d before | Out:14.99 | In:37.99
2025-09-29 10:15:08,181 - INFO - 2025-09-29 10:13:15 | 9d before | Out:14.99 | In:14.99
2025-09-29 10:15:15,741 - INFO - 2025-09-29 10:13:15 | 8d before | Out:15.00 | In:34.55
2025-09-29 10:15:23,450 - INFO - 2025-09-29 10:13:15 | 7d before | Out:18.00 | In:14.99
2025-09-29 10:15:31,001 - INFO - 2025-09-29 10:13:15 | 6d before | Out:56.52 | In:14.99
2025-09-29 10:15:38,622 - INFO - 2025-09-29 10:13:15 | 5d before | Out:14.99 | In:15.00
2025-09-29 10:15:46,247 - INFO - 2025-09-29 10:13:15 | 4d before | Out:25.99 | In:66.99
2025-09-29 10:15:53,796 - INFO - 2025-09-29 10:13:15 | 3d before | Out:25.00 | In:102.65
2025-09-29 10:16:01,449 - INFO - 2025-09-29 10:13:15 | 2d before | Out:16.56 | In:18.99
2025-09-29 10:16:09,093 - INFO - 2025-09-29 10:13:15 | 1d before | Out:14.99 | In:64.99
2025-09-29 10:16:16,778 - INFO - 2025-09-29 10:13:15 | 0d before | Out:106.99 | In:36.99
2025-09-29 10:16:16,856 - INFO - ✅ Scraper finished successfully in 196.01 seconds.
