2025-10-04 10:10:14,678 - INFO - 🚀 Scraper started.
2025-10-04 10:10:14,678 - INFO - Log file: logs/2025-10-04_10-10-14.log
2025-10-04 10:10:27,417 - INFO - Scraping window: 18 days ahead
2025-10-04 10:10:33,540 - INFO - 2025-10-04 10:10:27 | 18d before | Out:25.98 | In:28.99
2025-10-04 10:10:41,368 - INFO - 2025-10-04 10:10:27 | 17d before | Out:14.99 | In:23.99
2025-10-04 10:10:48,940 - INFO - 2025-10-04 10:10:27 | 16d before | Out:30.99 | In:15.21
2025-10-04 10:10:56,538 - INFO - 2025-10-04 10:10:27 | 15d before | Out:66.76 | In:14.99
2025-10-04 10:11:04,126 - INFO - 2025-10-04 10:10:27 | 14d before | Out:31.35 | In:14.99
2025-10-04 10:11:11,695 - INFO - 2025-10-04 10:10:27 | 13d before | Out:59.77 | In:69.99
2025-10-04 10:11:19,418 - INFO - 2025-10-04 10:10:27 | 12d before | Out:27.29 | In:72.99
2025-10-04 10:11:27,117 - INFO - 2025-10-04 10:10:27 | 11d before | Out:14.99 | In:14.99
2025-10-04 10:11:34,698 - INFO - 2025-10-04 10:10:27 | 10d before | Out:14.99 | In:21.99
2025-10-04 10:11:42,385 - INFO - 2025-10-04 10:10:27 | 9d before | Out:15.00 | In:14.99
2025-10-04 10:11:49,989 - INFO - 2025-10-04 10:10:27 | 8d before | Out:17.00 | In:14.99
2025-10-04 10:11:57,569 - INFO - 2025-10-04 10:10:27 | 7d before | Out:14.99 | In:15.30
2025-10-04 10:12:05,235 - INFO - 2025-10-04 10:10:27 | 6d before | Out:34.43 | In:78.99
2025-10-04 10:12:12,916 - INFO - 2025-10-04 10:10:27 | 5d before | Out:32.48 | In:91.99
2025-10-04 10:12:20,608 - INFO - 2025-10-04 10:10:27 | 4d before | Out:14.99 | In:26.99
2025-10-04 10:12:28,239 - INFO - 2025-10-04 10:10:27 | 3d before | Out:15.19 | In:41.21
2025-10-04 10:12:35,887 - INFO - 2025-10-04 10:10:27 | 2d before | Out:30.99 | In:25.99
2025-10-04 10:12:43,483 - INFO - 2025-10-04 10:10:27 | 1d before | Out:46.46 | In:16.68
2025-10-04 10:12:51,128 - INFO - 2025-10-04 10:10:27 | 0d before | Out:110.28 | In:30.99
2025-10-04 10:12:51,222 - INFO - ✅ Scraper finished successfully in 156.54 seconds.
