2025-10-01 10:12:26,743 - INFO - 🚀 Scraper started.
2025-10-01 10:12:26,743 - INFO - Log file: logs/2025-10-01_10-12-26.log
2025-10-01 10:12:43,969 - INFO - Scraping window: 21 days ahead
2025-10-01 10:12:49,855 - INFO - 2025-10-01 10:12:43 | 21d before | Out:26.40 | In:26.88
2025-10-01 10:12:57,751 - INFO - 2025-10-01 10:12:43 | 20d before | Out:14.99 | In:24.99
2025-10-01 10:13:05,527 - INFO - 2025-10-01 10:12:43 | 19d before | Out:30.99 | In:14.99
2025-10-01 10:13:13,227 - INFO - 2025-10-01 10:12:43 | 18d before | Out:70.60 | In:14.99
2025-10-01 10:13:20,933 - INFO - 2025-10-01 10:12:43 | 17d before | Out:31.35 | In:14.99
2025-10-01 10:13:28,654 - INFO - 2025-10-01 10:12:43 | 16d before | Out:51.99 | In:23.99
2025-10-01 10:13:36,339 - INFO - 2025-10-01 10:12:43 | 15d before | Out:27.96 | In:68.67
2025-10-01 10:13:44,007 - INFO - 2025-10-01 10:12:43 | 14d before | Out:20.19 | In:14.99
2025-10-01 10:13:52,272 - INFO - 2025-10-01 10:12:43 | 13d before | Out:14.99 | In:17.00
2025-10-01 10:14:00,041 - INFO - 2025-10-01 10:12:43 | 12d before | Out:15.00 | In:14.99
2025-10-01 10:14:07,822 - INFO - 2025-10-01 10:12:43 | 11d before | Out:21.00 | In:14.99
2025-10-01 10:14:15,522 - INFO - 2025-10-01 10:12:43 | 10d before | Out:14.99 | In:14.99
2025-10-01 10:14:23,270 - INFO - 2025-10-01 10:12:43 | 9d before | Out:39.88 | In:72.99
2025-10-01 10:14:31,068 - INFO - 2025-10-01 10:12:43 | 8d before | Out:27.96 | In:108.99
2025-10-01 10:14:38,769 - INFO - 2025-10-01 10:12:43 | 7d before | Out:15.29 | In:21.99
2025-10-01 10:14:46,455 - INFO - 2025-10-01 10:12:43 | 6d before | Out:14.99 | In:48.33
2025-10-01 10:14:54,663 - INFO - 2025-10-01 10:12:43 | 5d before | Out:25.63 | In:14.99
2025-10-01 10:15:02,350 - INFO - 2025-10-01 10:12:43 | 4d before | Out:46.46 | In:14.99
2025-10-01 10:15:10,140 - INFO - 2025-10-01 10:12:43 | 3d before | Out:14.99 | In:14.99
2025-10-01 10:15:17,845 - INFO - 2025-10-01 10:12:43 | 2d before | Out:95.27 | In:92.31
2025-10-01 10:15:25,561 - INFO - 2025-10-01 10:12:43 | 1d before | Out:50.99 | In:117.35
2025-10-01 10:15:33,242 - INFO - 2025-10-01 10:12:43 | 0d before | Out:99.99 | In:28.99
2025-10-01 10:15:33,336 - INFO - ✅ Scraper finished successfully in 186.59 seconds.
