2025-10-05 10:10:28,199 - INFO - 🚀 Scraper started.
2025-10-05 10:10:28,199 - INFO - Log file: logs/2025-10-05_10-10-28.log
2025-10-05 10:10:54,621 - INFO - Scraping window: 17 days ahead
2025-10-05 10:11:00,838 - INFO - 2025-10-05 10:10:54 | 17d before | Out:14.99 | In:25.47
2025-10-05 10:11:08,794 - INFO - 2025-10-05 10:10:54 | 16d before | Out:22.17 | In:24.00
2025-10-05 10:11:16,449 - INFO - 2025-10-05 10:10:54 | 15d before | Out:30.99 | In:14.99
2025-10-05 10:11:24,106 - INFO - 2025-10-05 10:10:54 | 14d before | Out:77.27 | In:14.99
2025-10-05 10:11:31,813 - INFO - 2025-10-05 10:10:54 | 13d before | Out:14.99 | In:14.99
2025-10-05 10:11:39,468 - INFO - 2025-10-05 10:10:54 | 12d before | Out:73.99 | In:64.99
2025-10-05 10:11:47,082 - INFO - 2025-10-05 10:10:54 | 11d before | Out:26.29 | In:74.99
2025-10-05 10:11:54,682 - INFO - 2025-10-05 10:10:54 | 10d before | Out:14.99 | In:14.99
2025-10-05 10:12:02,414 - INFO - 2025-10-05 10:10:54 | 9d before | Out:14.99 | In:16.99
2025-10-05 10:12:10,032 - INFO - 2025-10-05 10:10:54 | 8d before | Out:15.00 | In:14.99
2025-10-05 10:12:17,652 - INFO - 2025-10-05 10:10:54 | 7d before | Out:19.99 | In:14.99
2025-10-05 10:12:25,355 - INFO - 2025-10-05 10:10:54 | 6d before | Out:14.99 | In:15.45
2025-10-05 10:12:32,944 - INFO - 2025-10-05 10:10:54 | 5d before | Out:72.17 | In:100.09
2025-10-05 10:12:40,656 - INFO - 2025-10-05 10:10:54 | 4d before | Out:32.19 | In:79.99
2025-10-05 10:12:48,931 - INFO - 2025-10-05 10:10:54 | 3d before | Out:14.99 | In:26.99
2025-10-05 10:12:56,566 - INFO - 2025-10-05 10:10:54 | 2d before | Out:14.99 | In:44.21
2025-10-05 10:13:04,117 - INFO - 2025-10-05 10:10:54 | 1d before | Out:43.99 | In:25.99
2025-10-05 10:13:11,788 - INFO - 2025-10-05 10:10:54 | 0d before | Out:116.85 | In:14.99
2025-10-05 10:13:11,895 - INFO - ✅ Scraper finished successfully in 163.7 seconds.
