2025-09-29 18:25:36,735 - INFO - 🚀 Scraper started.
2025-09-29 18:25:36,736 - INFO - Log file: logs/2025-09-29_18-25-36.log
2025-09-29 18:25:48,625 - INFO - Scraping window: 23 days ahead
2025-09-29 18:25:53,680 - INFO - 2025-09-29 18:25:48 | 23d before | Out:19.32 | In:19.69
2025-09-29 18:26:01,508 - INFO - 2025-09-29 18:25:48 | 22d before | Out:16.72 | In:21.99
2025-09-29 18:26:09,132 - INFO - 2025-09-29 18:25:48 | 21d before | Out:27.00 | In:14.99
2025-09-29 18:26:16,885 - INFO - 2025-09-29 18:25:48 | 20d before | Out:61.47 | In:14.99
2025-09-29 18:26:24,623 - INFO - 2025-09-29 18:25:48 | 19d before | Out:25.98 | In:14.99
2025-09-29 18:26:32,236 - INFO - 2025-09-29 18:25:48 | 18d before | Out:42.99 | In:21.99
2025-09-29 18:26:39,888 - INFO - 2025-09-29 18:25:48 | 17d before | Out:17.00 | In:55.99
2025-09-29 18:26:47,498 - INFO - 2025-09-29 18:25:48 | 16d before | Out:14.99 | In:15.21
2025-09-29 18:26:55,215 - INFO - 2025-09-29 18:25:48 | 15d before | Out:15.20 | In:16.99
2025-09-29 18:27:03,667 - INFO - 2025-09-29 18:25:48 | 14d before | Out:15.00 | In:14.99
2025-09-29 18:27:11,263 - INFO - 2025-09-29 18:25:48 | 13d before | Out:22.00 | In:15.00
2025-09-29 18:27:18,878 - INFO - 2025-09-29 18:25:48 | 12d before | Out:15.45 | In:14.99
2025-09-29 18:27:26,581 - INFO - 2025-09-29 18:25:48 | 11d before | Out:47.99 | In:70.99
2025-09-29 18:27:34,256 - INFO - 2025-09-29 18:25:48 | 10d before | Out:18.66 | In:61.99
2025-09-29 18:27:41,993 - INFO - 2025-09-29 18:25:48 | 9d before | Out:16.00 | In:18.99
2025-09-29 18:27:49,746 - INFO - 2025-09-29 18:25:48 | 8d before | Out:15.00 | In:36.03
2025-09-29 18:27:57,511 - INFO - 2025-09-29 18:25:48 | 7d before | Out:20.99 | In:21.49
2025-09-29 18:28:05,917 - INFO - 2025-09-29 18:25:48 | 6d before | Out:64.16 | In:14.99
2025-09-29 18:28:13,659 - INFO - 2025-09-29 18:25:48 | 5d before | Out:15.30 | In:25.63
2025-09-29 18:28:21,293 - INFO - 2025-09-29 18:25:48 | 4d before | Out:25.99 | In:85.65
2025-09-29 18:28:28,885 - INFO - 2025-09-29 18:25:48 | 3d before | Out:30.99 | In:102.65
2025-09-29 18:28:36,545 - INFO - 2025-09-29 18:25:48 | 2d before | Out:31.35 | In:18.99
2025-09-29 18:28:44,200 - INFO - 2025-09-29 18:25:48 | 1d before | Out:31.99 | In:65.99
2025-09-29 18:28:51,777 - INFO - 2025-09-29 18:25:48 | 0d before | Out:32.99 | In:N/A
2025-09-29 18:28:51,872 - INFO - ✅ Scraper finished successfully in 195.14 seconds.
