2025-10-06 10:12:36,535 - INFO - 🚀 Scraper started.
2025-10-06 10:12:36,535 - INFO - Log file: logs/2025-10-06_10-12-36.log
2025-10-06 10:12:38,403 - INFO - Scraping window: 16 days ahead
2025-10-06 10:12:42,205 - INFO - 2025-10-06 10:12:38 | 16d before | Out:14.99 | In:28.00
2025-10-06 10:12:50,049 - INFO - 2025-10-06 10:12:38 | 15d before | Out:21.47 | In:23.00
2025-10-06 10:12:57,636 - INFO - 2025-10-06 10:12:38 | 14d before | Out:37.99 | In:14.99
2025-10-06 10:13:05,290 - INFO - 2025-10-06 10:12:38 | 13d before | Out:44.21 | In:14.99
2025-10-06 10:13:12,949 - INFO - 2025-10-06 10:12:38 | 12d before | Out:27.29 | In:14.99
2025-10-06 10:13:20,610 - INFO - 2025-10-06 10:12:38 | 11d before | Out:75.21 | In:57.99
2025-10-06 10:13:28,194 - INFO - 2025-10-06 10:12:38 | 10d before | Out:31.99 | In:61.47
2025-10-06 10:13:36,354 - INFO - 2025-10-06 10:12:38 | 9d before | Out:14.99 | In:14.99
2025-10-06 10:13:44,039 - INFO - 2025-10-06 10:12:38 | 8d before | Out:15.21 | In:31.00
2025-10-06 10:13:51,808 - INFO - 2025-10-06 10:12:38 | 7d before | Out:14.99 | In:14.99
2025-10-06 10:13:59,457 - INFO - 2025-10-06 10:12:38 | 6d before | Out:44.99 | In:15.11
2025-10-06 10:14:07,041 - INFO - 2025-10-06 10:12:38 | 5d before | Out:14.99 | In:14.99
2025-10-06 10:14:14,712 - INFO - 2025-10-06 10:12:38 | 4d before | Out:83.45 | In:99.99
2025-10-06 10:14:22,267 - INFO - 2025-10-06 10:12:38 | 3d before | Out:36.99 | In:119.99
2025-10-06 10:14:29,957 - INFO - 2025-10-06 10:12:38 | 2d before | Out:14.99 | In:14.99
2025-10-06 10:14:38,098 - INFO - 2025-10-06 10:12:38 | 1d before | Out:14.99 | In:52.94
2025-10-06 10:14:45,720 - INFO - 2025-10-06 10:12:38 | 0d before | Out:119.33 | In:46.82
2025-10-06 10:14:45,812 - INFO - ✅ Scraper finished successfully in 129.28 seconds.
