2025-09-28 10:10:31,948 - INFO - 🚀 Scraper started.
2025-09-28 10:10:31,948 - INFO - Log file: logs/2025-09-28_10-10-31.log
2025-09-28 10:10:56,596 - INFO - Scraping window: 24 days ahead
2025-09-28 10:11:03,520 - INFO - 2025-09-28 10:10:56 | 24d before | Out:14.99 | In:25.77
2025-09-28 10:11:11,480 - INFO - 2025-09-28 10:10:56 | 23d before | Out:14.99 | In:24.63
2025-09-28 10:11:19,035 - INFO - 2025-09-28 10:10:56 | 22d before | Out:39.99 | In:14.99
2025-09-28 10:11:26,584 - INFO - 2025-09-28 10:10:56 | 21d before | Out:51.87 | In:14.99
2025-09-28 10:11:34,212 - INFO - 2025-09-28 10:10:56 | 20d before | Out:16.82 | In:15.18
2025-09-28 10:11:41,805 - INFO - 2025-09-28 10:10:56 | 19d before | Out:54.99 | In:35.99
2025-09-28 10:11:49,365 - INFO - 2025-09-28 10:10:56 | 18d before | Out:25.63 | In:44.99
2025-09-28 10:11:56,948 - INFO - 2025-09-28 10:10:56 | 17d before | Out:14.99 | In:14.99
2025-09-28 10:12:04,542 - INFO - 2025-09-28 10:10:56 | 16d before | Out:14.99 | In:23.99
2025-09-28 10:12:12,312 - INFO - 2025-09-28 10:10:56 | 15d before | Out:20.79 | In:14.99
2025-09-28 10:12:19,856 - INFO - 2025-09-28 10:10:56 | 14d before | Out:25.99 | In:14.99
2025-09-28 10:12:27,403 - INFO - 2025-09-28 10:10:56 | 13d before | Out:14.99 | In:14.99
2025-09-28 10:12:35,044 - INFO - 2025-09-28 10:10:56 | 12d before | Out:45.66 | In:61.99
2025-09-28 10:12:42,612 - INFO - 2025-09-28 10:10:56 | 11d before | Out:25.63 | In:49.99
2025-09-28 10:12:50,210 - INFO - 2025-09-28 10:10:56 | 10d before | Out:14.99 | In:18.66
2025-09-28 10:12:57,819 - INFO - 2025-09-28 10:10:56 | 9d before | Out:14.99 | In:14.99
2025-09-28 10:13:05,396 - INFO - 2025-09-28 10:10:56 | 8d before | Out:21.99 | In:14.99
2025-09-28 10:13:12,961 - INFO - 2025-09-28 10:10:56 | 7d before | Out:41.09 | In:14.99
2025-09-28 10:13:20,591 - INFO - 2025-09-28 10:10:56 | 6d before | Out:14.99 | In:14.99
2025-09-28 10:13:28,201 - INFO - 2025-09-28 10:10:56 | 5d before | Out:42.99 | In:46.99
2025-09-28 10:13:35,820 - INFO - 2025-09-28 10:10:56 | 4d before | Out:36.99 | In:94.04
2025-09-28 10:13:43,421 - INFO - 2025-09-28 10:10:56 | 3d before | Out:15.91 | In:26.29
2025-09-28 10:13:50,969 - INFO - 2025-09-28 10:10:56 | 2d before | Out:15.84 | In:55.99
2025-09-28 10:13:58,611 - INFO - 2025-09-28 10:10:56 | 1d before | Out:56.99 | In:25.99
2025-09-28 10:14:06,257 - INFO - 2025-09-28 10:10:56 | 0d before | Out:100.84 | In:26.29
2025-09-28 10:14:06,353 - INFO - ✅ Scraper finished successfully in 214.4 seconds.
